1635585110768	geckodriver	INFO	Listening on 127.0.0.1:50939
1635585110772	mozrunner::runner	INFO	Running command: "/usr/bin/firefox" "--marionette" "--incognito" "--headless" "--remote-debugging-port" "53263" "-no-remote" "-profile" "/tmp/rust_mozprofile445C91"
*** You are running in headless mode.
[GFX1-]: glxtest: Unable to open a connection to the X server
[GFX1-]: glxtest: libEGL missing
1635585113160	Marionette	INFO	Marionette enabled
[GFX1-]: RenderCompositorSWGL failed mapping default framebuffer, no dt
console.warn: SearchSettings: "get: No settings file exists, new profile?" (new NotFoundError("Could not open the file at /tmp/rust_mozprofile445C91/search.json.mozlz4", (void 0)))
DevTools listening on ws://localhost:53263/devtools/browser/98f754ee-8a0f-444b-b0ff-b2f65a64da32
1635585115729	Marionette	INFO	Listening on port 36873
1635585115819	RemoteAgent	WARN	TLS certificate errors will be ignored for this session
console.log: WebExtensions: reset-default-search: starting.
console.log: WebExtensions: reset-default-search: No addons in our list are installed.
1635728950595	geckodriver	INFO	Listening on 127.0.0.1:47901
1635728950599	mozrunner::runner	INFO	Running command: "/usr/bin/firefox" "--marionette" "--incognito" "--headless" "--remote-debugging-port" "46419" "-no-remote" "-profile" "/tmp/rust_mozprofileDCk1rg"
*** You are running in headless mode.
[GFX1-]: glxtest: Unable to open a connection to the X server
[GFX1-]: glxtest: libEGL missing
1635728953778	Marionette	INFO	Marionette enabled
[GFX1-]: RenderCompositorSWGL failed mapping default framebuffer, no dt
console.warn: SearchSettings: "get: No settings file exists, new profile?" (new NotFoundError("Could not open the file at /tmp/rust_mozprofileDCk1rg/search.json.mozlz4", (void 0)))
DevTools listening on ws://localhost:46419/devtools/browser/7047ab44-2eaf-4c34-a86f-07db98edcbe9
1635728957458	Marionette	INFO	Listening on port 37149
1635728957687	RemoteAgent	WARN	TLS certificate errors will be ignored for this session
console.log: WebExtensions: reset-default-search: starting.
console.log: WebExtensions: reset-default-search: No addons in our list are installed.
1636333595529	geckodriver	INFO	Listening on 127.0.0.1:38529
1636333596037	mozrunner::runner	INFO	Running command: "/usr/bin/firefox" "--marionette" "--incognito" "--headless" "--remote-debugging-port" "45703" "-no-remote" "-profile" "/tmp/rust_mozprofiletcz991"
*** You are running in headless mode.
[GFX1-]: glxtest: Unable to open a connection to the X server
[GFX1-]: glxtest: libEGL missing
1636333600298	Marionette	INFO	Marionette enabled
[GFX1-]: RenderCompositorSWGL failed mapping default framebuffer, no dt
console.warn: SearchSettings: "get: No settings file exists, new profile?" (new NotFoundError("Could not open the file at /tmp/rust_mozprofiletcz991/search.json.mozlz4", (void 0)))
DevTools listening on ws://localhost:45703/devtools/browser/f2a19a15-6304-43cf-b629-8acaf9594bb4
1636333603827	Marionette	INFO	Listening on port 43507
1636333603899	RemoteAgent	WARN	TLS certificate errors will be ignored for this session
console.log: WebExtensions: reset-default-search: starting.
console.log: WebExtensions: reset-default-search: No addons in our list are installed.
1636938396313	geckodriver	INFO	Listening on 127.0.0.1:48771
1636938396318	mozrunner::runner	INFO	Running command: "/usr/bin/firefox" "--marionette" "--incognito" "--headless" "--remote-debugging-port" "56293" "-no-remote" "-profile" "/tmp/rust_mozprofileRiyE83"
*** You are running in headless mode.
[GFX1-]: glxtest: Unable to open a connection to the X server
[GFX1-]: glxtest: libEGL missing
1636938402135	Marionette	INFO	Marionette enabled
[GFX1-]: RenderCompositorSWGL failed mapping default framebuffer, no dt
console.warn: SearchSettings: "get: No settings file exists, new profile?" (new NotFoundError("Could not open the file at /tmp/rust_mozprofileRiyE83/search.json.mozlz4", (void 0)))
DevTools listening on ws://localhost:56293/devtools/browser/ac416492-f348-4ac9-8f81-eb20fbe6c413
1636938406019	Marionette	INFO	Listening on port 43737
1636938406100	RemoteAgent	WARN	TLS certificate errors will be ignored for this session
console.log: WebExtensions: reset-default-search: starting.
console.log: WebExtensions: reset-default-search: No addons in our list are installed.
1637543297231	geckodriver	INFO	Listening on 127.0.0.1:42925
1637543297236	mozrunner::runner	INFO	Running command: "/usr/bin/firefox" "--marionette" "--incognito" "--headless" "--remote-debugging-port" "47165" "-no-remote" "-profile" "/tmp/rust_mozprofilekHz2qt"
*** You are running in headless mode.
[GFX1-]: glxtest: Unable to open a connection to the X server
[GFX1-]: glxtest: libEGL missing
1637543300108	Marionette	INFO	Marionette enabled
[GFX1-]: RenderCompositorSWGL failed mapping default framebuffer, no dt
console.warn: SearchSettings: "get: No settings file exists, new profile?" (new NotFoundError("Could not open the file at /tmp/rust_mozprofilekHz2qt/search.json.mozlz4", (void 0)))
DevTools listening on ws://localhost:47165/devtools/browser/02ef998b-09ef-469f-b49d-970f8b799160
1637543302995	Marionette	INFO	Listening on port 39873
1637543303089	RemoteAgent	WARN	TLS certificate errors will be ignored for this session
console.log: WebExtensions: reset-default-search: starting.
console.log: WebExtensions: reset-default-search: No addons in our list are installed.
1638148096159	geckodriver	INFO	Listening on 127.0.0.1:41397
1638148096163	mozrunner::runner	INFO	Running command: "/usr/bin/firefox" "--marionette" "--incognito" "--headless" "--remote-debugging-port" "49243" "-no-remote" "-profile" "/tmp/rust_mozprofiledYHCKW"
*** You are running in headless mode.
[GFX1-]: glxtest: Unable to open a connection to the X server
[GFX1-]: glxtest: libEGL missing
1638148101293	Marionette	INFO	Marionette enabled
[GFX1-]: RenderCompositorSWGL failed mapping default framebuffer, no dt
console.warn: SearchSettings: "get: No settings file exists, new profile?" (new NotFoundError("Could not open the file at /tmp/rust_mozprofiledYHCKW/search.json.mozlz4", (void 0)))
DevTools listening on ws://localhost:49243/devtools/browser/608721fd-c2df-4b30-b880-371d01c9daac
1638148105286	Marionette	INFO	Listening on port 37657
1638148105358	RemoteAgent	WARN	TLS certificate errors will be ignored for this session
console.log: WebExtensions: reset-default-search: starting.
console.log: WebExtensions: reset-default-search: No addons in our list are installed.
